<?xml version="1.0" encoding="UTF-8"?>
<!-- Generated by org.testng.reporters.JUnitReportReporter -->
<testsuite hostname="LAPTOP-V1EP264I" failures="0" tests="1" name="test.LoginTest" time="49.392" errors="0" timestamp="2023-07-25T23:42:05 IST" skipped="0">
  <testcase classname="test.LoginTest" name="createNewAccount" time="49.392"/>
</testsuite> <!-- test.LoginTest -->
