<?xml version="1.0" encoding="UTF-8"?>
<!-- Generated by org.testng.reporters.JUnitReportReporter -->
<testsuite hostname="LAPTOP-V1EP264I" failures="0" tests="1" name="test.LoginExcelTest" time="7.110" errors="0" timestamp="2023-07-31T00:38:43 IST" skipped="0">
  <testcase classname="test.LoginExcelTest" name="loginWithExcel" time="7.110"/>
</testsuite> <!-- test.LoginExcelTest -->
